<?xml version="1.0" encoding="UTF-8"?>
<!-- Generated by org.testng.reporters.JUnitReportReporter -->
<testsuite skipped="0" hostname="DESKTOP-V8AL5TS" name="DIVYA.Spicejet_Destination_Validation" tests="2" failures="0" timestamp="2021-09-09T15:17:19 IST" time="10.570" errors="0">
  <testcase name="Bhimavaram" time="10.349" classname="DIVYA.Spicejet_Destination_Validation"/>
  <testcase name="f" time="0.221" classname="DIVYA.Spicejet_Destination_Validation"/>
</testsuite> <!-- DIVYA.Spicejet_Destination_Validation -->
